#
# A fatal error has been detected by the Java Runtime Environment:
#
#  EXCEPTION_ACCESS_VIOLATION (0xc0000005) at pc=0x000000006fcd268f, pid=1156, tid=0x0000000000001f50
#
# JRE version: Java(TM) SE Runtime Environment (8.0_131-b11) (build 1.8.0_131-b11)
# Java VM: Java HotSpot(TM) 64-Bit Server VM (25.131-b11 mixed mode windows-amd64 compressed oops)
# Problematic frame:
# C  0x000000006fcd268f
#
# Failed to write core dump. Minidumps are not enabled by default on client versions of Windows
#
# If you would like to submit a bug report, please visit:
#   http://bugreport.java.com/bugreport/crash.jsp
# The crash happened outside the Java Virtual Machine in native code.
# See problematic frame for where to report the bug.
#

---------------  T H R E A D  ---------------

Current thread (0x00000000568fc000):  JavaThread "Thread-19" [_thread_in_native, id=8016, stack(0x0000000060790000,0x0000000060890000)]

siginfo: ExceptionCode=0xc0000005, reading address 0x0000000000000000

Registers:
RAX=0x0000000000000072, RBX=0x0000000000000000, RCX=0x0000000000000000, RDX=0x000000006d5f7f0d
RSP=0x000000006088f2b8, RBP=0x0000000000000000, RSI=0x000000006d5f5e26, RDI=0x000000006d5ced41
R8 =0x0000000000000000, R9 =0x0000000000000002, R10=0x0000000000000000, R11=0x00000004000e0018
R12=0x0000000000000000, R13=0x000000006088f310, R14=0x0000000000000000, R15=0x000000006d59c980
RIP=0x000000006fcd268f, EFLAGS=0x0000000000010206

Top of Stack: (sp=0x000000006088f2b8)
0x000000006088f2b8:   000000006d20e866 000000006447f680
0x000000006088f2c8:   0000000000000000 0000000000000000
0x000000006088f2d8:   0000000000000000 0000000000000000
0x000000006088f2e8:   000000006d16b6f3 0000000000000000
0x000000006088f2f8:   000000006fceae93 000000005faf0040
0x000000006088f308:   000000006447f640 0000000000000000
0x000000006088f318:   000000006d6fb100 0000000000000000
0x000000006088f328:   0000000000000000 0000000000000000
0x000000006088f338:   000000006088f40c 0000000000000000
0x000000006088f348:   0000000000000000 000000006088f410
0x000000006088f358:   000000006088f4b0 000000006088f4a8
0x000000006088f368:   0000000000000000 0000000000000000
0x000000006088f378:   000000006d16b8c2 0000000000000000
0x000000006088f388:   0000000000000000 000000006088f3ac
0x000000006088f398:   000000006088f4b0 000000006088f4a8
0x000000006088f3a8:   0000000000000000 000000006447ef80 

Instructions: (pc=0x000000006fcd268f)
0x000000006fcd266f:   00 0f b6 02 84 c0 75 18 eb 27 0f 1f 80 00 00 00
0x000000006fcd267f:   00 48 83 c2 01 0f b6 02 48 83 c1 01 84 c0 74 11
0x000000006fcd268f:   3a 01 74 ed 84 c0 0f 94 c0 0f b6 c0 c3 0f 1f 40
0x000000006fcd269f:   00 4d 85 c0 74 0f 49 89 08 0f b6 02 84 c0 0f 94 


Register to memory mapping:

RAX=0x0000000000000072 is an unknown value
RBX=0x0000000000000000 is an unknown value
RCX=0x0000000000000000 is an unknown value
RDX=0x000000006d5f7f0d is an unknown value
RSP=0x000000006088f2b8 is pointing into the stack for thread: 0x00000000568fc000
RBP=0x0000000000000000 is an unknown value
RSI=0x000000006d5f5e26 is an unknown value
RDI=0x000000006d5ced41 is an unknown value
R8 =0x0000000000000000 is an unknown value
R9 =0x0000000000000002 is an unknown value
R10=0x0000000000000000 is an unknown value
R11=0x00000004000e0018 is an unknown value
R12=0x0000000000000000 is an unknown value
R13=0x000000006088f310 is pointing into the stack for thread: 0x00000000568fc000
R14=0x0000000000000000 is an unknown value
R15=0x000000006d59c980 is an unknown value


Stack: [0x0000000060790000,0x0000000060890000],  sp=0x000000006088f2b8,  free space=1020k
Native frames: (J=compiled Java code, j=interpreted, Vv=VM code, C=native code)

Java frames: (J=compiled Java code, j=interpreted, Vv=VM code)
j  org.bytedeco.javacpp.avformat.avformat_open_input(Lorg/bytedeco/javacpp/avformat$AVFormatContext;Ljava/lang/String;Lorg/bytedeco/javacpp/avformat$AVInputFormat;Lorg/bytedeco/javacpp/avutil$AVDictionary;)I+0
j  org.bytedeco.javacv.FFmpegFrameGrabber.startUnsafe()V+439
j  org.bytedeco.javacv.FFmpegFrameGrabber.start()V+6
j  application.VideoToConverter.convertVideosToFrame()V+13
j  application.VideoToConverter.run()V+1
j  java.lang.Thread.run()V+11
v  ~StubRoutines::call_stub

---------------  P R O C E S S  ---------------

Java Threads: ( => current thread )
  0x0000000056845000 JavaThread "pool-2-thread-1" [_thread_in_native, id=7748, stack(0x0000000065460000,0x0000000065560000)]
  0x0000000056845800 JavaThread "Timer-0" daemon [_thread_blocked, id=7364, stack(0x00000000628a0000,0x00000000629a0000)]
  0x0000000057541800 JavaThread "Media Resource Disposer" daemon [_thread_blocked, id=8088, stack(0x0000000060e70000,0x0000000060f70000)]
=>0x00000000568fc000 JavaThread "Thread-19" [_thread_in_native, id=8016, stack(0x0000000060790000,0x0000000060890000)]
  0x00000000575c8800 JavaThread "JFXMedia Player EventQueueThread" daemon [_thread_blocked, id=7712, stack(0x000000005f480000,0x000000005f580000)]
  0x0000000059c8a800 JavaThread "Prism Font Disposer" daemon [_thread_blocked, id=5708, stack(0x000000005c390000,0x000000005c490000)]
  0x000000005721f800 JavaThread "JavaFX-Launcher" [_thread_blocked, id=5204, stack(0x0000000059700000,0x0000000059800000)]
  0x00000000570ed800 JavaThread "Thread-2" daemon [_thread_in_native, id=7092, stack(0x0000000059580000,0x0000000059680000)]
  0x0000000057034000 JavaThread "JavaFX Application Thread" [_thread_in_native, id=7076, stack(0x0000000057a70000,0x0000000057b70000)]
  0x0000000057032000 JavaThread "Thread-1" daemon [_thread_blocked, id=7480, stack(0x00000000577e0000,0x00000000578e0000)]
  0x0000000056979000 JavaThread "QuantumRenderer-0" daemon [_thread_in_native, id=7212, stack(0x0000000001f30000,0x0000000002030000)]
  0x00000000565d6800 JavaThread "Service Thread" daemon [_thread_blocked, id=5568, stack(0x0000000056d80000,0x0000000056e80000)]
  0x00000000565a1000 JavaThread "C1 CompilerThread2" daemon [_thread_blocked, id=7268, stack(0x0000000056a30000,0x0000000056b30000)]
  0x00000000565a0800 JavaThread "C2 CompilerThread1" daemon [_thread_blocked, id=7628, stack(0x0000000056b30000,0x0000000056c30000)]
  0x0000000054d88800 JavaThread "C2 CompilerThread0" daemon [_thread_blocked, id=7448, stack(0x0000000055ff0000,0x00000000560f0000)]
  0x0000000054d86800 JavaThread "Attach Listener" daemon [_thread_blocked, id=1328, stack(0x00000000564a0000,0x00000000565a0000)]
  0x0000000054d83000 JavaThread "Signal Dispatcher" daemon [_thread_blocked, id=5040, stack(0x00000000562e0000,0x00000000563e0000)]
  0x0000000054d6b000 JavaThread "Finalizer" daemon [_thread_blocked, id=2292, stack(0x0000000056130000,0x0000000056230000)]
  0x0000000054d24000 JavaThread "Reference Handler" daemon [_thread_blocked, id=1640, stack(0x0000000055ee0000,0x0000000055fe0000)]
  0x0000000001d98000 JavaThread "main" [_thread_blocked, id=7768, stack(0x0000000002030000,0x0000000002130000)]

Other Threads:
  0x0000000054d1c800 VMThread [stack: 0x0000000055ca0000,0x0000000055da0000] [id=6268]
  0x0000000056656000 WatcherThread [stack: 0x0000000056ee0000,0x0000000056fe0000] [id=7336]

VM state:not at safepoint (normal execution)

VM Mutex/Monitor currently owned by a thread: None

Heap:
 PSYoungGen      total 22528K, used 6636K [0x00000000eb200000, 0x00000000ece00000, 0x0000000100000000)
  eden space 16384K, 37% used [0x00000000eb200000,0x00000000eb8026b0,0x00000000ec200000)
  from space 6144K, 7% used [0x00000000ec800000,0x00000000ec878a18,0x00000000ece00000)
  to   space 6144K, 0% used [0x00000000ec200000,0x00000000ec200000,0x00000000ec800000)
 ParOldGen       total 44032K, used 7504K [0x00000000c1600000, 0x00000000c4100000, 0x00000000eb200000)
  object space 44032K, 17% used [0x00000000c1600000,0x00000000c1d541a0,0x00000000c4100000)
 Metaspace       used 19898K, capacity 20618K, committed 20992K, reserved 1067008K
  class space    used 2767K, capacity 2984K, committed 3072K, reserved 1048576K

Card table byte_map: [0x00000000117c0000,0x00000000119c0000] byte_map_base: 0x00000000111b5000

Marking Bits: (ParMarkBitMap*) 0x000000006e8dc720
 Begin Bits: [0x0000000012240000, 0x00000000131e8000)
 End Bits:   [0x00000000131e8000, 0x0000000014190000)

Polling page: 0x0000000000280000

CodeCache: size=245760Kb used=8162Kb max_used=8169Kb free=237597Kb
 bounds [0x0000000002400000, 0x0000000002c00000, 0x0000000011400000]
 total_blobs=3455 nmethods=2567 adapters=800
 compilation: enabled

Compilation events (10 events):
Event: 13.693 Thread 0x00000000565a1000 nmethod 2559 0x0000000002bea150 code [0x0000000002bea2a0, 0x0000000002bea3b0]
Event: 13.694 Thread 0x00000000565a0800 2560       4       com.sun.prism.BasicStroke::accumulate (136 bytes)
Event: 13.696 Thread 0x00000000565a0800 nmethod 2560 0x0000000002bf0dd0 code [0x0000000002bf0f20, 0x0000000002bf10d8]
Event: 13.723 Thread 0x00000000565a1000 2561       3       com.sun.javafx.geom.transform.Affine3D::getDeterminant (90 bytes)
Event: 13.724 Thread 0x00000000565a1000 nmethod 2561 0x0000000002bf0990 code [0x0000000002bf0b00, 0x0000000002bf0d48]
Event: 13.728 Thread 0x0000000054d88800 2562       4       com.sun.prism.impl.ManagedResource::_isgone (42 bytes)
Event: 13.729 Thread 0x0000000054d88800 nmethod 2562 0x0000000002be9d90 code [0x0000000002be9ee0, 0x0000000002be9fb8]
Event: 13.788 Thread 0x00000000565a1000 2564       3       com.sun.javafx.font.PrismFontStrike::getSize (5 bytes)
Event: 13.788 Thread 0x00000000565a1000 nmethod 2564 0x0000000002bfba50 code [0x0000000002bfbba0, 0x0000000002bfbcf0]
Event: 13.790 Thread 0x00000000565a0800 2565       4       com.sun.scenario.effect.impl.state.BoxRenderState::validateWeights (477 bytes)

GC Heap History (10 events):
Event: 6.726 GC heap before
{Heap before GC invocations=4 (full 0):
 PSYoungGen      total 18944K, used 18935K [0x00000000eb200000, 0x00000000ec700000, 0x0000000100000000)
  eden space 16384K, 100% used [0x00000000eb200000,0x00000000ec200000,0x00000000ec200000)
  from space 2560K, 99% used [0x00000000ec200000,0x00000000ec47dc80,0x00000000ec480000)
  to   space 2560K, 0% used [0x00000000ec480000,0x00000000ec480000,0x00000000ec700000)
 ParOldGen       total 44032K, used 4831K [0x00000000c1600000, 0x00000000c4100000, 0x00000000eb200000)
  object space 44032K, 10% used [0x00000000c1600000,0x00000000c1ab7ed8,0x00000000c4100000)
 Metaspace       used 18341K, capacity 19034K, committed 19328K, reserved 1064960K
  class space    used 2629K, capacity 2822K, committed 2944K, reserved 1048576K
Event: 6.732 GC heap after
Heap after GC invocations=4 (full 0):
 PSYoungGen      total 18944K, used 1914K [0x00000000eb200000, 0x00000000ec700000, 0x0000000100000000)
  eden space 16384K, 0% used [0x00000000eb200000,0x00000000eb200000,0x00000000ec200000)
  from space 2560K, 74% used [0x00000000ec480000,0x00000000ec65e8c8,0x00000000ec700000)
  to   space 2560K, 0% used [0x00000000ec200000,0x00000000ec200000,0x00000000ec480000)
 ParOldGen       total 44032K, used 5863K [0x00000000c1600000, 0x00000000c4100000, 0x00000000eb200000)
  object space 44032K, 13% used [0x00000000c1600000,0x00000000c1bb9ee8,0x00000000c4100000)
 Metaspace       used 18341K, capacity 19034K, committed 19328K, reserved 1064960K
  class space    used 2629K, capacity 2822K, committed 2944K, reserved 1048576K
}
Event: 8.216 GC heap before
{Heap before GC invocations=5 (full 0):
 PSYoungGen      total 18944K, used 18298K [0x00000000eb200000, 0x00000000ec700000, 0x0000000100000000)
  eden space 16384K, 100% used [0x00000000eb200000,0x00000000ec200000,0x00000000ec200000)
  from space 2560K, 74% used [0x00000000ec480000,0x00000000ec65e8c8,0x00000000ec700000)
  to   space 2560K, 0% used [0x00000000ec200000,0x00000000ec200000,0x00000000ec480000)
 ParOldGen       total 44032K, used 5867K [0x00000000c1600000, 0x00000000c4100000, 0x00000000eb200000)
  object space 44032K, 13% used [0x00000000c1600000,0x00000000c1bbaf98,0x00000000c4100000)
 Metaspace       used 18700K, capacity 19392K, committed 19584K, reserved 1067008K
  class space    used 2636K, capacity 2855K, committed 2944K, reserved 1048576K
Event: 8.227 GC heap after
Heap after GC invocations=5 (full 0):
 PSYoungGen      total 18944K, used 1703K [0x00000000eb200000, 0x00000000ece00000, 0x0000000100000000)
  eden space 16384K, 0% used [0x00000000eb200000,0x00000000eb200000,0x00000000ec200000)
  from space 2560K, 66% used [0x00000000ec200000,0x00000000ec3a9c60,0x00000000ec480000)
  to   space 6144K, 0% used [0x00000000ec800000,0x00000000ec800000,0x00000000ece00000)
 ParOldGen       total 44032K, used 5867K [0x00000000c1600000, 0x00000000c4100000, 0x00000000eb200000)
  object space 44032K, 13% used [0x00000000c1600000,0x00000000c1bbaf98,0x00000000c4100000)
 Metaspace       used 18700K, capacity 19392K, committed 19584K, reserved 1067008K
  class space    used 2636K, capacity 2855K, committed 2944K, reserved 1048576K
}
Event: 9.995 GC heap before
{Heap before GC invocations=6 (full 0):
 PSYoungGen      total 18944K, used 18087K [0x00000000eb200000, 0x00000000ece00000, 0x0000000100000000)
  eden space 16384K, 100% used [0x00000000eb200000,0x00000000ec200000,0x00000000ec200000)
  from space 2560K, 66% used [0x00000000ec200000,0x00000000ec3a9c60,0x00000000ec480000)
  to   space 6144K, 0% used [0x00000000ec800000,0x00000000ec800000,0x00000000ece00000)
 ParOldGen       total 44032K, used 5867K [0x00000000c1600000, 0x00000000c4100000, 0x00000000eb200000)
  object space 44032K, 13% used [0x00000000c1600000,0x00000000c1bbaf98,0x00000000c4100000)
 Metaspace       used 19157K, capacity 19872K, committed 20096K, reserved 1067008K
  class space    used 2686K, capacity 2887K, committed 2944K, reserved 1048576K
Event: 10.028 GC heap after
Heap after GC invocations=6 (full 0):
 PSYoungGen      total 22528K, used 1993K [0x00000000eb200000, 0x00000000ece00000, 0x0000000100000000)
  eden space 16384K, 0% used [0x00000000eb200000,0x00000000eb200000,0x00000000ec200000)
  from space 6144K, 32% used [0x00000000ec800000,0x00000000ec9f2630,0x00000000ece00000)
  to   space 6144K, 0% used [0x00000000ec200000,0x00000000ec200000,0x00000000ec800000)
 ParOldGen       total 44032K, used 5875K [0x00000000c1600000, 0x00000000c4100000, 0x00000000eb200000)
  object space 44032K, 13% used [0x00000000c1600000,0x00000000c1bbcf98,0x00000000c4100000)
 Metaspace       used 19157K, capacity 19872K, committed 20096K, reserved 1067008K
  class space    used 2686K, capacity 2887K, committed 2944K, reserved 1048576K
}
Event: 11.315 GC heap before
{Heap before GC invocations=7 (full 0):
 PSYoungGen      total 22528K, used 18377K [0x00000000eb200000, 0x00000000ece00000, 0x0000000100000000)
  eden space 16384K, 100% used [0x00000000eb200000,0x00000000ec200000,0x00000000ec200000)
  from space 6144K, 32% used [0x00000000ec800000,0x00000000ec9f2630,0x00000000ece00000)
  to   space 6144K, 0% used [0x00000000ec200000,0x00000000ec200000,0x00000000ec800000)
 ParOldGen       total 44032K, used 5875K [0x00000000c1600000, 0x00000000c4100000, 0x00000000eb200000)
  object space 44032K, 13% used [0x00000000c1600000,0x00000000c1bbcf98,0x00000000c4100000)
 Metaspace       used 19519K, capacity 20256K, committed 20480K, reserved 1067008K
  class space    used 2730K, capacity 2951K, committed 3072K, reserved 1048576K
Event: 11.324 GC heap after
Heap after GC invocations=7 (full 0):
 PSYoungGen      total 22528K, used 672K [0x00000000eb200000, 0x00000000ece00000, 0x0000000100000000)
  eden space 16384K, 0% used [0x00000000eb200000,0x00000000eb200000,0x00000000ec200000)
  from space 6144K, 10% used [0x00000000ec200000,0x00000000ec2a8000,0x00000000ec800000)
  to   space 6144K, 0% used [0x00000000ec800000,0x00000000ec800000,0x00000000ece00000)
 ParOldGen       total 44032K, used 7276K [0x00000000c1600000, 0x00000000c4100000, 0x00000000eb200000)
  object space 44032K, 16% used [0x00000000c1600000,0x00000000c1d1b190,0x00000000c4100000)
 Metaspace       used 19519K, capacity 20256K, committed 20480K, reserved 1067008K
  class space    used 2730K, capacity 2951K, committed 3072K, reserved 1048576K
}
Event: 13.396 GC heap before
{Heap before GC invocations=8 (full 0):
 PSYoungGen      total 22528K, used 17056K [0x00000000eb200000, 0x00000000ece00000, 0x0000000100000000)
  eden space 16384K, 100% used [0x00000000eb200000,0x00000000ec200000,0x00000000ec200000)
  from space 6144K, 10% used [0x00000000ec200000,0x00000000ec2a8000,0x00000000ec800000)
  to   space 6144K, 0% used [0x00000000ec800000,0x00000000ec800000,0x00000000ece00000)
 ParOldGen       total 44032K, used 7276K [0x00000000c1600000, 0x00000000c4100000, 0x00000000eb200000)
  object space 44032K, 16% used [0x00000000c1600000,0x00000000c1d1b190,0x00000000c4100000)
 Metaspace       used 19834K, capacity 20522K, committed 20736K, reserved 1067008K
  class space    used 2756K, capacity 2952K, committed 3072K, reserved 1048576K
Event: 13.400 GC heap after
Heap after GC invocations=8 (full 0):
 PSYoungGen      total 22528K, used 482K [0x00000000eb200000, 0x00000000ece00000, 0x0000000100000000)
  eden space 16384K, 0% used [0x00000000eb200000,0x00000000eb200000,0x00000000ec200000)
  from space 6144K, 7% used [0x00000000ec800000,0x00000000ec878a18,0x00000000ece00000)
  to   space 6144K, 0% used [0x00000000ec200000,0x00000000ec200000,0x00000000ec800000)
 ParOldGen       total 44032K, used 7504K [0x00000000c1600000, 0x00000000c4100000, 0x00000000eb200000)
  object space 44032K, 17% used [0x00000000c1600000,0x00000000c1d541a0,0x00000000c4100000)
 Metaspace       used 19834K, capacity 20522K, committed 20736K, reserved 1067008K
  class space    used 2756K, capacity 2952K, committed 3072K, reserved 1048576K
}

Deoptimization events (10 events):
Event: 1.399 Thread 0x0000000057034000 Uncommon trap: reason=unstable_if action=reinterpret pc=0x00000000026d8e58 method=sun.net.www.ParseUtil.encodePath(Ljava/lang/String;Z)Ljava/lang/String; @ 109
Event: 3.019 Thread 0x0000000057034000 Uncommon trap: reason=unstable_if action=reinterpret pc=0x000000000278e228 method=jdk.internal.org.objectweb.asm.Type.getArgumentsAndReturnSizes(Ljava/lang/String;)I @ 47
Event: 3.104 Thread 0x0000000057034000 Uncommon trap: reason=unstable_if action=reinterpret pc=0x00000000027cb0c0 method=java.util.HashMap.isEmpty()Z @ 4
Event: 5.812 Thread 0x0000000057034000 Uncommon trap: reason=unstable_if action=reinterpret pc=0x000000000263eb00 method=java.lang.AbstractStringBuilder.append(Ljava/lang/String;)Ljava/lang/AbstractStringBuilder; @ 1
Event: 5.813 Thread 0x0000000057034000 Uncommon trap: reason=unstable_if action=reinterpret pc=0x0000000002607908 method=java.lang.AbstractStringBuilder.append(Ljava/lang/String;)Ljava/lang/AbstractStringBuilder; @ 1
Event: 5.897 Thread 0x00000000568fc000 Uncommon trap: reason=class_check action=maybe_recompile pc=0x000000000277ff58 method=java.util.HashMap.putVal(ILjava/lang/Object;Ljava/lang/Object;ZZ)Ljava/lang/Object; @ 253
Event: 5.897 Thread 0x00000000568fc000 Uncommon trap: reason=class_check action=maybe_recompile pc=0x000000000277ff58 method=java.util.HashMap.putVal(ILjava/lang/Object;Ljava/lang/Object;ZZ)Ljava/lang/Object; @ 253
Event: 5.897 Thread 0x00000000568fc000 Uncommon trap: reason=class_check action=maybe_recompile pc=0x000000000277fff8 method=java.util.HashMap.putVal(ILjava/lang/Object;Ljava/lang/Object;ZZ)Ljava/lang/Object; @ 203
Event: 5.897 Thread 0x00000000568fc000 Uncommon trap: reason=class_check action=maybe_recompile pc=0x000000000277ff58 method=java.util.HashMap.putVal(ILjava/lang/Object;Ljava/lang/Object;ZZ)Ljava/lang/Object; @ 253
Event: 11.466 Thread 0x00000000568fc000 Uncommon trap: reason=unstable_if action=reinterpret pc=0x0000000002aba2d8 method=java.util.LinkedList.indexOf(Ljava/lang/Object;)I @ 55

Internal exceptions (10 events):
Event: 0.748 Thread 0x0000000057034000 Exception <a 'java/lang/NullPointerException'> (0x00000000ebed3b70) thrown at [C:\re\workspace\8-2-build-windows-amd64-cygwin\jdk8u131\8869\hotspot\src\share\vm\interpreter\linkResolver.cpp, line 1197]
Event: 0.748 Thread 0x0000000057034000 Exception <a 'java/lang/NullPointerException'> (0x00000000ebed3b70) thrown at [C:\re\workspace\8-2-build-windows-amd64-cygwin\jdk8u131\8869\hotspot\src\share\vm\prims\jvm.cpp, line 1394]
Event: 0.928 Thread 0x0000000057034000 Exception <a 'java/lang/ArrayIndexOutOfBoundsException'> (0x00000000eb3d9a20) thrown at [C:\re\workspace\8-2-build-windows-amd64-cygwin\jdk8u131\8869\hotspot\src\share\vm\runtime\sharedRuntime.cpp, line 605]
Event: 0.928 Thread 0x0000000057034000 Exception <a 'java/lang/ArrayIndexOutOfBoundsException'> (0x00000000eb3da780) thrown at [C:\re\workspace\8-2-build-windows-amd64-cygwin\jdk8u131\8869\hotspot\src\share\vm\runtime\sharedRuntime.cpp, line 605]
Event: 0.928 Thread 0x0000000057034000 Exception <a 'java/lang/ArrayIndexOutOfBoundsException'> (0x00000000eb3dbb28) thrown at [C:\re\workspace\8-2-build-windows-amd64-cygwin\jdk8u131\8869\hotspot\src\share\vm\runtime\sharedRuntime.cpp, line 605]
Event: 1.011 Thread 0x0000000057034000 Implicit null exception at 0x00000000026cb125 to 0x00000000026cb335
Event: 1.173 Thread 0x0000000057034000 Exception <a 'java/io/FileNotFoundException'> (0x00000000eb884248) thrown at [C:\re\workspace\8-2-build-windows-amd64-cygwin\jdk8u131\8869\hotspot\src\share\vm\prims\jni.cpp, line 709]
Event: 5.812 Thread 0x0000000057034000 Implicit null exception at 0x000000000263e746 to 0x000000000263eae9
Event: 5.813 Thread 0x0000000057034000 Implicit null exception at 0x0000000002607546 to 0x00000000026078f1
Event: 5.818 Thread 0x0000000057034000 Exception <a 'java/lang/NullPointerException'> (0x00000000eb594088) thrown at [C:\re\workspace\8-2-build-windows-amd64-cygwin\jdk8u131\8869\hotspot\src\share\vm\interpreter\linkResolver.cpp, line 1299]

Events (10 events):
Event: 13.777 loading class org/bytedeco/javacpp/Pointer$NativeDeallocator
Event: 13.777 loading class org/bytedeco/javacpp/Pointer$NativeDeallocator done
Event: 13.777 loading class org/bytedeco/javacpp/Pointer$DeallocatorReference
Event: 13.777 loading class org/bytedeco/javacpp/Pointer$DeallocatorReference done
Event: 13.778 loading class org/bytedeco/javacv/Frame
Event: 13.778 loading class org/bytedeco/javacv/Frame done
Event: 13.787 Thread 0x0000000056846800 Thread added: 0x0000000056846800
Event: 13.787 Thread 0x0000000056846800 Thread exited: 0x0000000056846800
Event: 13.790 Thread 0x0000000056979000 DEOPT PACKING pc=0x000000000296d33c sp=0x000000000202c360
Event: 13.790 Thread 0x0000000056979000 DEOPT UNPACKING pc=0x000000000244787f sp=0x000000000202c0f8 mode 0


Dynamic libraries:
0x000000013fb10000 - 0x000000013fb47000 	C:\Program Files\Java\jre1.8.0_131\bin\javaw.exe
0x00000000778a0000 - 0x0000000077a4a000 	C:\Windows\SYSTEM32\ntdll.dll
0x0000000077680000 - 0x000000007779f000 	C:\Windows\system32\kernel32.dll
0x000007fefd610000 - 0x000007fefd67a000 	C:\Windows\system32\KERNELBASE.dll
0x000007fefef50000 - 0x000007feff02b000 	C:\Windows\system32\ADVAPI32.dll
0x000007feff060000 - 0x000007feff0ff000 	C:\Windows\system32\msvcrt.dll
0x000007feff180000 - 0x000007feff19f000 	C:\Windows\SYSTEM32\sechost.dll
0x000007feff600000 - 0x000007feff72d000 	C:\Windows\system32\RPCRT4.dll
0x00000000777a0000 - 0x000000007789a000 	C:\Windows\system32\USER32.dll
0x000007feff730000 - 0x000007feff797000 	C:\Windows\system32\GDI32.dll
0x000007feff7d0000 - 0x000007feff7de000 	C:\Windows\system32\LPK.dll
0x000007fefe940000 - 0x000007fefea0a000 	C:\Windows\system32\USP10.dll
0x000007fefbce0000 - 0x000007fefbed4000 	C:\Windows\WinSxS\amd64_microsoft.windows.common-controls_6595b64144ccf1df_6.0.7601.18837_none_fa3b1e3d17594757\COMCTL32.dll
0x000007fefe8c0000 - 0x000007fefe931000 	C:\Windows\system32\SHLWAPI.dll
0x000007feff030000 - 0x000007feff05e000 	C:\Windows\system32\IMM32.DLL
0x000007feff400000 - 0x000007feff509000 	C:\Windows\system32\MSCTF.dll
0x0000000072200000 - 0x00000000722d2000 	C:\Program Files\Java\jre1.8.0_131\bin\msvcr100.dll
0x000000006e0c0000 - 0x000000006e95c000 	C:\Program Files\Java\jre1.8.0_131\bin\server\jvm.dll
0x000007fed9a60000 - 0x000007fed9a69000 	C:\Windows\system32\WSOCK32.dll
0x000007feff510000 - 0x000007feff55d000 	C:\Windows\system32\WS2_32.dll
0x000007feff7a0000 - 0x000007feff7a8000 	C:\Windows\system32\NSI.dll
0x000007fef9e50000 - 0x000007fef9e8b000 	C:\Windows\system32\WINMM.dll
0x000007fefc4c0000 - 0x000007fefc4cc000 	C:\Windows\system32\VERSION.dll
0x0000000077a70000 - 0x0000000077a77000 	C:\Windows\system32\PSAPI.DLL
0x0000000074260000 - 0x000000007426f000 	C:\Program Files\Java\jre1.8.0_131\bin\verify.dll
0x0000000071320000 - 0x0000000071349000 	C:\Program Files\Java\jre1.8.0_131\bin\java.dll
0x0000000071300000 - 0x0000000071316000 	C:\Program Files\Java\jre1.8.0_131\bin\zip.dll
0x000007fefdb30000 - 0x000007fefe8ba000 	C:\Windows\system32\SHELL32.dll
0x000007feff1a0000 - 0x000007feff39c000 	C:\Windows\system32\ole32.dll
0x000007fefd5a0000 - 0x000007fefd5af000 	C:\Windows\system32\profapi.dll
0x000007fefaba0000 - 0x000007fefac8f000 	C:\Program Files\Java\jre1.8.0_131\bin\msvcr120.dll
0x000007fefaaf0000 - 0x000007fefab96000 	C:\Program Files\Java\jre1.8.0_131\bin\msvcp120.dll
0x00000000710d0000 - 0x00000000710f2000 	C:\Program Files\Java\jre1.8.0_131\bin\prism_d3d.dll
0x000007fedbf80000 - 0x000007fedc17f000 	C:\Windows\system32\d3d9.dll
0x000007fefb1b0000 - 0x000007fefb1b7000 	C:\Windows\system32\d3d8thk.dll
0x000007fefb6a0000 - 0x000007fefb6b8000 	C:\Windows\system32\dwmapi.dll
0x000007fefbb00000 - 0x000007fefbb56000 	C:\Windows\system32\uxtheme.dll
0x000007fed2640000 - 0x000007fed3de7000 	C:\Windows\system32\igdumdim64.dll
0x0000000071080000 - 0x00000000710c3000 	C:\Program Files\Java\jre1.8.0_131\bin\glass.dll
0x000007feff7e0000 - 0x000007feff877000 	C:\Windows\system32\COMDLG32.dll
0x000007fefea10000 - 0x000007fefeaea000 	C:\Windows\system32\OLEAUT32.dll
0x000007fefd430000 - 0x000007fefd43f000 	C:\Windows\system32\CRYPTBASE.dll
0x000007fedac70000 - 0x000007fedb654000 	C:\Windows\system32\igdusc64.dll
0x000007fed0740000 - 0x000007fed2637000 	C:\Users\Zephyr\Downloads\Programs\opencv\build\java\x64\opencv_java320.dll
0x000007fefacb0000 - 0x000007fefacd9000 	C:\Windows\system32\MSVFW32.dll
0x000007fefaad0000 - 0x000007fefaaef000 	C:\Windows\system32\AVIFIL32.dll
0x000007fef9a20000 - 0x000007fef9a38000 	C:\Windows\system32\MSACM32.dll
0x000007fefaab0000 - 0x000007fefaac7000 	C:\Windows\system32\AVICAP32.dll
0x000007fefa1a0000 - 0x000007fefa1a3000 	C:\Windows\system32\api-ms-win-core-synch-l1-2-0.DLL
0x00000000712e0000 - 0x00000000712f4000 	C:\Program Files\Java\jre1.8.0_131\bin\javafx_font.dll
0x000007fefb1c0000 - 0x000007fefb357000 	C:\Windows\system32\dwrite.dll
0x000007feff560000 - 0x000007feff5f9000 	C:\Windows\system32\CLBCatQ.DLL
0x000007fefb4f0000 - 0x000007fefb651000 	C:\Windows\system32\WindowsCodecs.dll
0x000007fefd3d0000 - 0x000007fefd427000 	C:\Windows\system32\apphelp.dll
0x000007fee8d10000 - 0x000007fee8d55000 	C:\Program Files (x86)\Dropbox\Client\DropboxExt64.16.0.dll
0x000007fefd950000 - 0x000007fefdb27000 	C:\Windows\system32\SETUPAPI.dll
0x000007fefd900000 - 0x000007fefd936000 	C:\Windows\system32\CFGMGR32.dll
0x000007fefd5f0000 - 0x000007fefd60a000 	C:\Windows\system32\DEVOBJ.dll
0x000007fefbb60000 - 0x000007fefbc8c000 	C:\Windows\system32\propsys.dll
0x000007fefb7b0000 - 0x000007fefb7dd000 	C:\Windows\system32\ntmarta.dll
0x000007feff3a0000 - 0x000007feff3f2000 	C:\Windows\system32\WLDAP32.dll
0x000007fee9590000 - 0x000007fee95af000 	C:\Windows\system32\thumbcache.dll
0x000007fee9520000 - 0x000007fee958b000 	C:\Windows\system32\PhotoMetadataHandler.dll
0x000007fee9450000 - 0x000007fee9511000 	C:\Users\Zephyr\AppData\Local\TelenorCapture\ss_shell_ext64.dll
0x000007fefaa80000 - 0x000007fefaaad000 	C:\Program Files\Common Files\Microsoft Shared\Ink\rtscom.dll
0x0000000071060000 - 0x0000000071071000 	C:\Program Files\Java\jre1.8.0_131\bin\prism_common.dll
0x000007fefa290000 - 0x000007fefa654000 	C:\Windows\system32\d2d1.dll
0x000007fee9b80000 - 0x000007fee9d55000 	C:\Windows\system32\d3d11.dll
0x000007fee9d60000 - 0x000007fee9dbd000 	C:\Windows\system32\dxgi.dll
0x000007fed6910000 - 0x000007fed6b89000 	C:\Windows\system32\D3D10Warp.dll
0x000007fee9880000 - 0x000007fee98a6000 	C:\Windows\system32\DXGIDebug.dll
0x000007fefd5b0000 - 0x000007fefd5eb000 	C:\Windows\system32\WINTRUST.dll
0x000007fefd780000 - 0x000007fefd8ed000 	C:\Windows\system32\CRYPT32.dll
0x000007fefd590000 - 0x000007fefd59f000 	C:\Windows\system32\MSASN1.dll
0x000007fefb660000 - 0x000007fefb695000 	C:\Windows\system32\XmlLite.dll
0x000007fee8e30000 - 0x000007fee8e3c000 	C:\Windows\system32\LINKINFO.dll
0x000007fee4170000 - 0x000007fee430c000 	C:\Windows\system32\NetworkExplorer.dll
0x000007feea590000 - 0x000007feea5a8000 	C:\Windows\system32\MPR.dll
0x000007feee020000 - 0x000007feee02a000 	C:\Windows\System32\drprov.dll
0x000007fefc7a0000 - 0x000007fefc7dd000 	C:\Windows\System32\WINSTA.dll
0x000007fee8d70000 - 0x000007fee8d92000 	C:\Windows\System32\ntlanman.dll
0x000007fed9bc0000 - 0x000007fed9bde000 	C:\Windows\System32\davclnt.dll
0x000007fee8d60000 - 0x000007fee8d6a000 	C:\Windows\System32\DAVHLPR.dll
0x000007fefcdc0000 - 0x000007fefcdd8000 	C:\Windows\system32\CRYPTSP.dll
0x000007fefcac0000 - 0x000007fefcb07000 	C:\Windows\system32\rsaenh.dll
0x000007fefd4e0000 - 0x000007fefd4f4000 	C:\Windows\system32\RpcRtRemote.dll
0x000007fee45c0000 - 0x000007fee463f000 	C:\Program Files\Common Files\microsoft shared\ink\tiptsf.dll
0x000007fee96b0000 - 0x000007fee987a000 	C:\Windows\system32\explorerframe.dll
0x000007fefb760000 - 0x000007fefb7a3000 	C:\Windows\system32\DUser.dll
0x000007fefb7e0000 - 0x000007fefb8d2000 	C:\Windows\system32\DUI70.dll
0x000007fee8db0000 - 0x000007fee8df2000 	C:\Windows\system32\msls31.dll
0x000007fefaa00000 - 0x000007fefaa7b000 	C:\Windows\System32\StructuredQuery.dll
0x000007fefd370000 - 0x000007fefd37b000 	C:\Windows\System32\Secur32.dll
0x000007fefd3a0000 - 0x000007fefd3c5000 	C:\Windows\system32\SSPICLI.DLL
0x000007fee95c0000 - 0x000007fee96ae000 	C:\Windows\system32\actxprxy.dll
0x000007fed9260000 - 0x000007fed931a000 	C:\Program Files\Internet Explorer\ieproxy.dll
0x000007fefd940000 - 0x000007fefd944000 	C:\Windows\system32\api-ms-win-downlevel-shlwapi-l1-1-0.dll
0x000007fee8da0000 - 0x000007fee8da4000 	C:\Windows\system32\api-ms-win-downlevel-shlwapi-l2-1-0.dll
0x000007fefd680000 - 0x000007fefd685000 	C:\Windows\system32\api-ms-win-downlevel-advapi32-l1-1-0.dll
0x000007fefb380000 - 0x000007fefb395000 	C:\Windows\system32\wkscli.dll
0x000007feee010000 - 0x000007feee01f000 	C:\Windows\system32\cscapi.dll
0x000007fefb3a0000 - 0x000007fefb3ac000 	C:\Windows\system32\netutils.dll
0x000007fed5320000 - 0x000007fed5591000 	C:\Windows\system32\wpdshext.dll
0x000007fefb8e0000 - 0x000007fefbaf6000 	C:\Windows\WinSxS\amd64_microsoft.windows.gdiplus_6595b64144ccf1df_1.1.7601.23721_none_1457f4f68b936a93\gdiplus.dll
0x000007feee700000 - 0x000007feee7bd000 	C:\Windows\system32\PortableDeviceApi.dll
0x000007fee9370000 - 0x000007fee93a4000 	C:\Windows\system32\SHDOCVW.dll
0x000007fee4640000 - 0x000007fee54d2000 	C:\Windows\system32\ieframe.DLL
0x000007fefd690000 - 0x000007fefd694000 	C:\Windows\system32\api-ms-win-downlevel-user32-l1-1-0.dll
0x000007fee8e00000 - 0x000007fee8e04000 	C:\Windows\system32\api-ms-win-downlevel-shell32-l1-1-0.dll
0x000007fefd740000 - 0x000007fefd744000 	C:\Windows\system32\api-ms-win-downlevel-version-l1-1-0.dll
0x000007fefd770000 - 0x000007fefd773000 	C:\Windows\system32\api-ms-win-downlevel-normaliz-l1-1-0.dll
0x0000000077a60000 - 0x0000000077a63000 	C:\Windows\system32\normaliz.DLL
0x000007fefeaf0000 - 0x000007fefedba000 	C:\Windows\system32\iertutil.dll
0x000007fefa250000 - 0x000007fefa285000 	C:\Windows\system32\EhStorShell.dll
0x000007fefa9d0000 - 0x000007fefa9f7000 	C:\Windows\system32\EhStorAPI.dll
0x000007feee1c0000 - 0x000007feee297000 	C:\Windows\system32\SearchFolder.dll
0x000007fee39d0000 - 0x000007fee3a50000 	C:\Windows\system32\ntshrui.dll
0x000007fefd2c0000 - 0x000007fefd2e3000 	C:\Windows\system32\srvcli.dll
0x000007fef9ad0000 - 0x000007fef9adb000 	C:\Windows\system32\slc.dll
0x000007fed9d00000 - 0x000007fed9d1d000 	C:\Windows\system32\mssprxy.dll
0x000007fee9440000 - 0x000007fee9448000 	C:\Windows\system32\IconCodecService.dll
0x0000000070c00000 - 0x0000000070c73000 	C:\Program Files\Java\jre1.8.0_131\bin\glib-lite.dll
0x0000000070b60000 - 0x0000000070bfc000 	C:\Program Files\Java\jre1.8.0_131\bin\gstreamer-lite.dll
0x000007fee3a50000 - 0x000007fee3ad8000 	C:\Windows\system32\DSOUND.dll
0x000007fefa080000 - 0x000007fefa0ac000 	C:\Windows\system32\POWRPROF.dll
0x0000000071010000 - 0x0000000071035000 	C:\Program Files\Java\jre1.8.0_131\bin\jfxmedia.dll
0x0000000070b20000 - 0x0000000070b51000 	C:\Program Files\Java\jre1.8.0_131\bin\fxplugins.dll
0x0000000070b00000 - 0x0000000070b1a000 	C:\Program Files\Java\jre1.8.0_131\bin\net.dll

VM Arguments:
jvm_args: -Djava.library.path=C:\Users\Zephyr\Downloads\Programs\opencv\build\java\x64;C:\Users\Zephyr\Downloads\Programs\opencv\build\java\x64 -Dfile.encoding=Cp1252 
java_command: application.Main
java_class_path (initial): C:\Users\Zephyr\workspace\ImageRecognition\bin;C:\Users\Zephyr\Downloads\Bluemix\java-sdk-3.5.3-jar-with-dependencies.jar;C:\Users\Zephyr\Downloads\Compressed\java-json.jar\java-json.jar;C:\Users\Zephyr\Downloads\Bluemix\json-simple-1.1.1.jar;C:\Users\Zephyr\workspace\Retailor\Library\jfoenix.jar;C:\Users\Zephyr\workspace\ImageRecognition\json-simple-1.1.1.jar;C:\Users\Zephyr\Downloads\Compressed\com.fasterxml.jackson.core.jar\com.fasterxml.jackson.core.jar;C:\Users\Zephyr\Downloads\Compressed\jackson-all-1.9.0.jar\jackson-all-1.9.0.jar;C:\Users\Zephyr\workspace\ImageRecognition\Library\sqlite-jdbc-3.8.11.2.jar;C:\Users\Zephyr\workspace\ImageRecognition\Library\TrayNotification.jar;C:\Users\Zephyr\workspace\ImageRecognition\Library\TrayTester.jar;C:\Users\Zephyr\Downloads\Marvin\javacv-0.10-bin\javacv-bin\artoolkitplus.jar;C:\Users\Zephyr\Downloads\Marvin\javacv-0.10-bin\javacv-bin\artoolkitplus-android-arm.jar;C:\Users\Zephyr\Downloads\Marvin\javacv-0.10-bin\javacv-bin\artoolkitplus-android-x86.jar;C:\Users\Zephyr\Downloads\Marvin\javacv-0.10-bin\javacv-bin\artoolkitplus-linux-x86.jar;C:\Users\Zephyr\Downloads\Marvin\javacv-0.10-bin\javacv-bin\artoolkitplus-linux-x86_64.jar;C:\Users\Zephyr\Downloads\Marvin\javacv-0.10-bin\javacv-bin\artoolkitplus-macosx-x86_64.jar;C:\Users\Zephyr\Downloads\Marvin\javacv-0.10-bin\javacv-bin\artoolkitplus-windows-x86.jar;C:\Users\Zephyr\Downloads\Marvin\javacv-0.10-bin\javacv-bin\artoolkitplus-windows-x86_64.jar;C:\Users\Zephyr\Downloads\Marvin\javacv-0.10-bin\javacv-bin\ffmpeg.jar;C:\Users\Zephyr\Downloads\Marvin\javacv-0.10-bin\javacv-bin\ffmpeg-android-arm.jar;C:\Users\Zephyr\Downloads\Marvin\javacv-0.10-bin\javacv-bin\ffmpeg-android-x86.jar;C:\Users\Zephyr\Downloads\Marvin\javacv-0.10-bin\javacv-bin\ffmpeg-linux-x86.jar;C:\Users\Zephyr\Downloads\Marvin\javacv-0.10-bin\javacv-bin\ffmpeg-linux-x86_64.jar;C:\Users\Zephyr\Downloads\Marvin\javacv-0.10-bin\javacv-bin\ffmpeg-macosx-x86_64.jar;C:\Users\Zephyr
Launcher Type: SUN_STANDARD

Environment Variables:
PATH=C:/Program Files/Java/jdk1.8.0_112/jre/bin/server;C:/Program Files/Java/jdk1.8.0_112/jre/bin;C:/Program Files/Java/jdk1.8.0_112/jre/lib/amd64;C:\Program Files\Java\jdk1.8.0_112\jre\bin;C:\Python27;C:\Users\Zephyr\eclipse\jee-mars\eclipse;
USERNAME=Zephyr
OS=Windows_NT
PROCESSOR_IDENTIFIER=Intel64 Family 6 Model 69 Stepping 1, GenuineIntel



---------------  S Y S T E M  ---------------

OS: Windows 7 , 64 bit Build 7601 (6.1.7601.23796)

CPU:total 4 (initial active 4) (2 cores per cpu, 2 threads per core) family 6 model 69 stepping 1, cmov, cx8, fxsr, mmx, sse, sse2, sse3, ssse3, sse4.1, sse4.2, popcnt, avx, avx2, aes, clmul, erms, lzcnt, ht, tsc, tscinvbit, bmi1, bmi2

Memory: 4k page, physical 4096188k(475464k free), swap 8190516k(815528k free)

vm_info: Java HotSpot(TM) 64-Bit Server VM (25.131-b11) for windows-amd64 JRE (1.8.0_131-b11), built on Mar 15 2017 01:23:53 by "java_re" with MS VC++ 10.0 (VS2010)

time: Fri May 19 22:45:55 2017
elapsed time: 13 seconds (0d 0h 0m 13s)

